2025-02-10 14:16:05,834 [INFO] === 程序启动 ===
2025-02-10 14:16:11,757 [INFO] 选择聊天助手: 896adb00e6fd11efaafc0242ac120006
2025-02-10 14:16:14,808 [INFO] 选择聊天助手: 896adb00e6fd11efaafc0242ac120006
2025-02-10 14:16:16,766 [INFO] 选择会话: chat_id=896adb00e6fd11efaafc0242ac120006, session_id=87abf2d8e70f11ef86250242ac120006
2025-02-10 14:16:18,723 [INFO] 使用RAGFlow生成架构 - chat_id: 896adb00e6fd11efaafc0242ac120006, session_id: 87abf2d8e70f11ef86250242ac120006
2025-02-10 14:16:18,727 [INFO] 开始生成小说架构...
2025-02-10 14:16:18,728 [INFO] RAGFlow设置会话: chat_id=896adb00e6fd11efaafc0242ac120006, session_id=87abf2d8e70f11ef86250242ac120006
2025-02-10 14:16:18,730 [INFO] Step1: Generating core_seed_prompt (核心种子) ...
2025-02-10 14:16:18,730 [INFO] RAGFlow调用: 使用chat_id=896adb00e6fd11efaafc0242ac120006, session_id=87abf2d8e70f11ef86250242ac120006
2025-02-10 14:16:30,788 [INFO] 
[#########################################  Prompt  #########################################]
作为专业作家，请用"雪花写作法"第一步构建故事核心：
主题：
类型：玄幻
篇幅：约10章（每章3000字）

请用单句公式概括故事本质，例如：
"当[主角]遭遇[核心事件]，必须[关键行动]，否则[灾难后果]；与此同时，[隐藏的更大危机]正在发酵。"

要求：
1. 必须包含显性冲突与潜在危机
2. 体现人物核心驱动力
3. 暗示世界观关键矛盾
4. 使用25-100字精准表达

仅返回故事核心文本，不要解释任何内容。


2025-02-10 14:16:30,789 [INFO] 
[######################################### Response #########################################]


"当[主角]遭遇[核心事件]，必须[关键行动]，否则[灾难后果]；与此同时，[隐藏的更大危机]正在发酵。

2025-02-10 14:16:30,790 [INFO] Step2: Generating character_dynamics_prompt ...
2025-02-10 14:16:30,791 [INFO] RAGFlow调用: 使用chat_id=896adb00e6fd11efaafc0242ac120006, session_id=87abf2d8e70f11ef86250242ac120006
2025-02-10 14:16:32,244 [INFO] 
[#########################################  Prompt  #########################################]
基于核心种子：
"当[主角]遭遇[核心事件]，必须[关键行动]，否则[灾难后果]；与此同时，[隐藏的更大危机]正在发酵。

请设计3-6个具有动态变化潜力的核心角色，每个角色需包含：
特征：
- 背景、外貌、性别、年龄、职业等
- 暗藏的秘密或潜在弱点(可与世界观或其他角色有关)

核心驱动力三角：
- 表面追求（物质目标）
- 深层渴望（情感需求）
- 灵魂需求（哲学层面）

角色弧线设计：
初始状态 → 触发事件 → 认知失调 → 蜕变节点 → 最终状态

关系冲突网：
- 与其他角色的关系或对立点
- 与至少两个其他角色的价值观冲突
- 一个合作纽带
- 一个隐藏的背叛可能性

要求：
仅给出最终文本，不要解释任何内容。


2025-02-10 14:16:32,244 [INFO] 
[######################################### Response #########################################]


"当[主角]遭遇[核心事件]，必须[关键行动]，否则[灾难后果]；与此同时，[隐藏的更大危机]正在发酵。

2025-02-10 14:16:32,247 [INFO] Generating initial character state from character dynamics ...
2025-02-10 14:16:32,248 [INFO] RAGFlow调用: 使用chat_id=896adb00e6fd11efaafc0242ac120006, session_id=87abf2d8e70f11ef86250242ac120006
2025-02-10 14:16:34,006 [INFO] 
[#########################################  Prompt  #########################################]
依据当前角色动力学设定："当[主角]遭遇[核心事件]，必须[关键行动]，否则[灾难后果]；与此同时，[隐藏的更大危机]正在发酵。

请生成一个角色状态文档，内容格式：
角色A属性：
├──物品:
    ├──物品(若有初始物品则增加，没有则为暂无)：描述
    ...
├──能力
    ├──技能1(若有初始技能则增加，没有则为暂无)：描述
    ...
├──状态
    ├──身体状态：
        ├──Buff/Debuff
    ├──心理状态：描述
    
├──主要角色间关系网
    ├──角色B：描述(初始有关联则增加，没有则为暂无关系)
    ├──角色C：描述(初始有关联则增加，没有则为暂无关系)
    ...
├──触发或加深的事件
    ├──暂无事件
    ...

角色B属性：
├──物品
    ├──...
├──能力
    ├──...
├──状态
    ├──...
├──主要角色间关系网
    ├──...
├──触发或加深的事件
    ├──...

角色C属性：
......

新出场角色：
- (此处填写未来任何新增角色或临时出场人物的基本信息)

要求：
仅返回编写好的角色状态文本，不要解释任何内容。


2025-02-10 14:16:34,008 [INFO] 
[######################################### Response #########################################]


"当[主角]遭遇[核心事件]，必须[关键行动]，否则[灾难后果]；与此同时，[隐藏的更大危机]正在发酵。

2025-02-10 14:16:34,008 [INFO] Initial character state created and saved.
2025-02-10 14:16:34,008 [INFO] Step3: Generating world_building_prompt ...
2025-02-10 14:16:34,008 [INFO] RAGFlow调用: 使用chat_id=896adb00e6fd11efaafc0242ac120006, session_id=87abf2d8e70f11ef86250242ac120006
2025-02-10 14:16:37,591 [INFO] 
[#########################################  Prompt  #########################################]
为服务核心冲突""当[主角]遭遇[核心事件]，必须[关键行动]，否则[灾难后果]；与此同时，[隐藏的更大危机]正在发酵。"，请构建三维交织的世界观：

1. 物理维度：
- 空间结构（地理×社会阶层分布图）
- 时间轴（关键历史事件年表）
- 法则体系（物理/魔法/社会规则的漏洞点）

2. 社会维度：
- 权力结构断层线（可引发冲突的阶层/种族/组织矛盾）
- 文化禁忌（可被打破的禁忌及其后果）
- 经济命脉（资源争夺焦点）

3. 隐喻维度：
- 贯穿全书的视觉符号系统（如反复出现的意象）
- 氣候/环境变化映射的心理状态
- 建筑风格暗示的文明困境

要求：
每个维度至少包含3个可与角色决策产生互动的动态元素。
仅给出最终文本，不要解释任何内容。


2025-02-10 14:16:37,592 [INFO] 
[######################################### Response #########################################]


以下是根据您的要求构建的三维交织的世界观：

---

### 一、物理维度：空间结构与秩序
- **地理**：这是一个多元化的地区，包括大城市的中心（经济繁荣区）、工业基地（科技发达）和偏远的小镇（生态优势）。城市与小镇之间存在交通阻断，这为冲突埋下了隐患。
- **社会阶层**：
  - 高层（权衡政治与个人）：拥有大量资源，能控制权力流动。他们可能倾向于分裂或破坏低层组织。
  - 中层（经济基础）：拥有少量财富，能维持社区运转。他们对重大事件的反应受到直接影响。
  - 底层（社会矛盾）：如贫富差距、种族冲突等。底层成员可能被边缘化并面临压力。
- **时间轴**：
  - **1800年**：一个重要历史节点，标志着权力平衡的变化和重大决策的开始。
  - **2023年**：关键事件发生的时间点，包括核心冲突和潜在危机爆发。

---

### 二、社会维度：力量与矛盾
- **权衡规则**：
  - 平衡（平等待价）：由底层成员维护，确保社会秩序。权力主要集中在层面上。
  - 矛盾（对抗规则）：底层个体对权威的束缚，如引用古籍或拒绝决策。矛盾会随着事件加剧而升级。
- **阶层对比**：
  - 高层与中层的权衡影响着决策过程中的道德标准和行为准则。
  - 底层成员的影响力很小，但他们在关键事件中的反应可能决定故事的走向。

---

### 三、隐喻维度：视觉意象与文明困境
- **视觉意象**：
  - **沙漠景象**：象征低层矛盾，人类试图在大地上找到平衡。
  - **城市灯光**：代表权力和秩序，底层个体的孤独感可能转化为反面角色。
  - **河流流动**：暗示复杂的人类社会系统，河流可能阻塞或破裂。

- **文明困境**：
  - 民众与权威之间存在巨大的能量差。当权者的资源增长使社会陷入混乱，民众对权力的增长感到不满和失望。
  - 积极行动可能导致矛盾加剧，但消极选择则可能导致危机爆发。

---

### 最终文本
"在历史的某个节点上，在这个多元化的地理体系中，一场关键事件即将发生——当[主角]遭遇核心冲突，并且与此同时，隐藏更大的危机开始发酵。"

这一设计充分考虑了用户的要求和潜在故事的发展空间，同时为后续角色的选择和结局埋下伏笔。
---

2025-02-10 14:16:37,593 [INFO] Step4: Generating plot_architecture_prompt ...
2025-02-10 14:16:37,594 [INFO] RAGFlow调用: 使用chat_id=896adb00e6fd11efaafc0242ac120006, session_id=87abf2d8e70f11ef86250242ac120006
2025-02-10 14:16:41,856 [INFO] 
[#########################################  Prompt  #########################################]
基于以下元素构建三幕式悬念架构：
核心种子："当[主角]遭遇[核心事件]，必须[关键行动]，否则[灾难后果]；与此同时，[隐藏的更大危机]正在发酵。
角色体系："当[主角]遭遇[核心事件]，必须[关键行动]，否则[灾难后果]；与此同时，[隐藏的更大危机]正在发酵。
世界观：以下是根据您的要求构建的三维交织的世界观：

---

### 一、物理维度：空间结构与秩序
- **地理**：这是一个多元化的地区，包括大城市的中心（经济繁荣区）、工业基地（科技发达）和偏远的小镇（生态优势）。城市与小镇之间存在交通阻断，这为冲突埋下了隐患。
- **社会阶层**：
  - 高层（权衡政治与个人）：拥有大量资源，能控制权力流动。他们可能倾向于分裂或破坏低层组织。
  - 中层（经济基础）：拥有少量财富，能维持社区运转。他们对重大事件的反应受到直接影响。
  - 底层（社会矛盾）：如贫富差距、种族冲突等。底层成员可能被边缘化并面临压力。
- **时间轴**：
  - **1800年**：一个重要历史节点，标志着权力平衡的变化和重大决策的开始。
  - **2023年**：关键事件发生的时间点，包括核心冲突和潜在危机爆发。

---

### 二、社会维度：力量与矛盾
- **权衡规则**：
  - 平衡（平等待价）：由底层成员维护，确保社会秩序。权力主要集中在层面上。
  - 矛盾（对抗规则）：底层个体对权威的束缚，如引用古籍或拒绝决策。矛盾会随着事件加剧而升级。
- **阶层对比**：
  - 高层与中层的权衡影响着决策过程中的道德标准和行为准则。
  - 底层成员的影响力很小，但他们在关键事件中的反应可能决定故事的走向。

---

### 三、隐喻维度：视觉意象与文明困境
- **视觉意象**：
  - **沙漠景象**：象征低层矛盾，人类试图在大地上找到平衡。
  - **城市灯光**：代表权力和秩序，底层个体的孤独感可能转化为反面角色。
  - **河流流动**：暗示复杂的人类社会系统，河流可能阻塞或破裂。

- **文明困境**：
  - 民众与权威之间存在巨大的能量差。当权者的资源增长使社会陷入混乱，民众对权力的增长感到不满和失望。
  - 积极行动可能导致矛盾加剧，但消极选择则可能导致危机爆发。

---

### 最终文本
"在历史的某个节点上，在这个多元化的地理体系中，一场关键事件即将发生——当[主角]遭遇核心冲突，并且与此同时，隐藏更大的危机开始发酵。"

这一设计充分考虑了用户的要求和潜在故事的发展空间，同时为后续角色的选择和结局埋下伏笔。
---

要求按以下结构设计：
第一幕（触发） 
- 日常状态中的异常征兆（3处铺垫）
- 引出故事：展示主线、暗线、副线的开端
- 关键事件：打破平衡的催化剂（需改变至少3个角色的关系）
- 错误抉择：主角的认知局限导致的错误反应

第二幕（对抗）
- 剧情升级：主线+副线的交叉点
- 双重压力：外部障碍升级+内部挫折
- 虚假胜利：看似解决实则深化危机的转折点
- 灵魂黑夜：世界观认知颠覆时刻

第三幕（解决）
- 代价显现：解决危机必须牺牲的核心价值
- 嵌套转折：至少包含三层认知颠覆（表面解→新危机→终极抉择）
- 余波：留下2个开放式悬念因子

每个阶段需包含3个关键转折点及其对应的伏笔回收方案。
仅给出最终文本，不要解释任何内容。


2025-02-10 14:16:41,857 [INFO] 
[######################################### Response #########################################]


第一幕（触发）

- **异常征兆**：
  - 一个关键的权力流动变化：主角意识到城市灯光已经不那么明亮，工业基地的能源供应出现问题。
  - 社会阶层中的不均衡：中层人物发现经济基础之间的矛盾越来越大，对重大事件反应不一致。
  - 走向冲突的关键节点：底层群体感受到社会矛盾加剧时的情绪波动。

- **故事开端**：
  主角在繁忙的工作之余，注意到工业基地的能源供应出现问题。他决定调查这个问题，并试图找到背后的原因。

- **关键事件**：
  当主角发现权力流动未如以前般顺畅，以及中层人物对重大事件的不同反应，他开始怀疑社会秩序是否崩溃。

- **错误抉择**：
  主角因为过于理性的判断而做出了一个不理智的选择：相信内部协调的力量已经足够解决问题。然而，当他意识到外部势力介入时，这个决定暴露了他对权力流动的误解。

第二幕（对抗）

- **外部压力**：
  新手加入主角的组织，试图利用他带来的新的信息和资源。

- **人物认知破坏**：
  部分成员因为对新情况感到困惑而感受到矛盾情绪。

- **高潮转折点**：
  主角在调查过程中发现有人故意制造了能源供应的问题，并威胁要干预他们所在的地方。

第二幕高潮：虚假胜利

- 当主角发现有人试图利用他的人脉来破坏内部计划时，他意识到这是一个新的阴谋。

第三幕（解决）

- **代价显现**：
  主角通过牺牲核心价值为组织赢得了人心和资源，但也让事情变得更复杂了。

- **嵌入新危机**：
  其实部成员逐渐认识到权力流动的混乱，并试图寻找真正的真相，但过程越来越危险。

- **终极抉择**：
  主角在与深层冲突 battle中做出最终决定：牺牲他人的核心价值来维护组织和社会秩序。

2025-02-10 14:16:41,858 [INFO] Novel_architecture.txt has been generated successfully.
2025-02-10 14:16:41,858 [INFO] partial_architecture.json removed (all steps completed).
2025-02-10 14:16:41,998 [INFO] ✅ 小说架构生成完成。请在 'Novel Architecture' 标签页查看或编辑。
2025-02-10 14:17:38,021 [INFO] 已加载 Novel_architecture.txt 内容到编辑区。
